C:\Users\Mexn-\Desktop\thread\monitor>jstack -l -e 14732
2021-10-07 10:10:29
Full thread dump Java HotSpot(TM) 64-Bit Server VM (11.0.7+8-LTS mixed mode):

Threads class SMR info:
_java_thread_list=0x00000227f8014cf0, length=12, elements={
0x00000227f7fef000, 0x00000227f7ffa800, 0x00000227f805b000, 0x00000227f805e800,
0x00000227f805f800, 0x00000227f806a800, 0x00000227f806c000, 0x00000227f81c2800,
0x00000227f81e5800, 0x00000227f81f1800, 0x00000227f81f8000, 0x00000227d27d1000
}

"Reference Handler" #2 daemon prio=10 os_prio=2 cpu=15.63ms elapsed=41.51s allocated=0B defined_classes=0 tid=0x00000227f7fef000 nid=0x17dc waiting on condition  [0x0000007dae5ff000]
   java.lang.Thread.State: RUNNABLE
        at java.lang.ref.Reference.waitForReferencePendingList(java.base@11.0.7/Native Method)
        at java.lang.ref.Reference.processPendingReferences(java.base@11.0.7/Reference.java:241)
        at java.lang.ref.Reference$ReferenceHandler.run(java.base@11.0.7/Reference.java:213)

   Locked ownable synchronizers:
        - None

"Finalizer" #3 daemon prio=8 os_prio=1 cpu=0.00ms elapsed=41.50s allocated=280B defined_classes=1 tid=0x00000227f7ffa800 nid=0x47c8 in Object.wait()  [0x0000007dae6ff000]
   java.lang.Thread.State: WAITING (on object monitor)
        at java.lang.Object.wait(java.base@11.0.7/Native Method)
        - waiting on <0x0000000712708fa8> (a java.lang.ref.ReferenceQueue$Lock)
        at java.lang.ref.ReferenceQueue.remove(java.base@11.0.7/ReferenceQueue.java:155)
        - waiting to re-lock in wait() <0x0000000712708fa8> (a java.lang.ref.ReferenceQueue$Lock)
        at java.lang.ref.ReferenceQueue.remove(java.base@11.0.7/ReferenceQueue.java:176)
        at java.lang.ref.Finalizer$FinalizerThread.run(java.base@11.0.7/Finalizer.java:170)

   Locked ownable synchronizers:
        - None

"Signal Dispatcher" #4 daemon prio=9 os_prio=2 cpu=15.63ms elapsed=41.50s allocated=0B defined_classes=0 tid=0x00000227f805b000 nid=0x4e0 runnable  [0x0000000000000000]
   java.lang.Thread.State: RUNNABLE

   Locked ownable synchronizers:
        - None

"Attach Listener" #5 daemon prio=5 os_prio=2 cpu=0.00ms elapsed=41.50s allocated=0B defined_classes=0 tid=0x00000227f805e800 nid=0x3fb0 waiting on condition  [0x0000000000000000]
   java.lang.Thread.State: RUNNABLE

   Locked ownable synchronizers:
        - None

"C2 CompilerThread0" #6 daemon prio=9 os_prio=2 cpu=0.00ms elapsed=41.50s allocated=0B defined_classes=0 tid=0x00000227f805f800 nid=0x2dd0 waiting on condition  [0x0000000000000000]
   java.lang.Thread.State: RUNNABLE
   No compile task

   Locked ownable synchronizers:
        - None

"C1 CompilerThread0" #8 daemon prio=9 os_prio=2 cpu=15.63ms elapsed=41.48s allocated=632B defined_classes=0 tid=0x00000227f806a800 nid=0x43d4 waiting on condition  [0x0000000000000000]
   java.lang.Thread.State: RUNNABLE
   No compile task

   Locked ownable synchronizers:
        - None

"Sweeper thread" #9 daemon prio=9 os_prio=2 cpu=0.00ms elapsed=41.48s allocated=0B defined_classes=0 tid=0x00000227f806c000 nid=0x20 runnable  [0x0000000000000000]
   java.lang.Thread.State: RUNNABLE

   Locked ownable synchronizers:
        - None

"Service Thread" #10 daemon prio=9 os_prio=0 cpu=0.00ms elapsed=41.46s allocated=0B defined_classes=0 tid=0x00000227f81c2800 nid=0x18f4 runnable  [0x0000000000000000]
   java.lang.Thread.State: RUNNABLE

   Locked ownable synchronizers:
        - None

"Commno-Cleaner" #11 daemon prio=8 os_prio=1 cpu=0.00ms elapsed=41.46s allocated=0B defined_classes=0 tid=0x00000227f81e5800 nid=0x422c in Object.wait()  [0x0000007daeeff000]
   java.lang.Thread.State: TIMED_WAITING (on object monitor)
        at java.lang.Object.wait(java.base@11.0.7/Native Method)
        - waiting on <0x0000000712610728> (a java.lang.ref.ReferenceQueue$Lock)
        at java.lang.ref.ReferenceQueue.remove(java.base@11.0.7/ReferenceQueue.java:155)
        - waiting to re-lock in wait() <0x0000000712610728> (a java.lang.ref.ReferenceQueue$Lock)
        at jdk.internal.ref.CleanerImpl.run(java.base@11.0.7/CleanerImpl.java:148)
        at java.lang.Thread.run(java.base@11.0.7/Thread.java:834)
        at jdk.internal.misc.InnocuousThread.run(java.base@11.0.7/InnocuousThread.java:134)

   Locked ownable synchronizers:
        - None

"Thread-0" #12 prio=5 os_prio=0 cpu=31.25ms elapsed=41.45s allocated=331K defined_classes=70 tid=0x00000227f81f1800 nid=0x3928 waiting on condition  [0x0000007daefff000]
   java.lang.Thread.State: TIMED_WAITING (sleeping)
        at java.lang.Thread.sleep(java.base@11.0.7/Native Method)
        at java.lang.Thread.sleep(java.base@11.0.7/Thread.java:339)
        at java.util.concurrent.TimeUnit.sleep(java.base@11.0.7/TimeUnit.java:446)
        at ThisMonitor.method1(ThisMonitor.java:9)
        - locked <0x0000000712614108> (a ThisMonitor)
        at ThisMonitor$$Lambda$1/0x0000000800060c40.run(Unknown Source)
        at java.lang.Thread.run(java.base@11.0.7/Thread.java:834)

   Locked ownable synchronizers:
        - None

"Thread-1" #13 prio=5 os_prio=0 cpu=0.00ms elapsed=41.45s allocated=0B defined_classes=0 tid=0x00000227f81f8000 nid=0xac8 waiting for monitor entry  [0x0000007daf0fe000]
   java.lang.Thread.State: BLOCKED (on object monitor)
        at ThisMonitor.method2(ThisMonitor.java:15)
        - waiting to lock <0x0000000712614108> (a ThisMonitor)
        at ThisMonitor$$Lambda$2/0x0000000800061040.run(Unknown Source)
        at java.lang.Thread.run(java.base@11.0.7/Thread.java:834)

   Locked ownable synchronizers:
        - None

"DestroyJavaVM" #14 prio=5 os_prio=0 cpu=93.75ms elapsed=41.45s allocated=488B defined_classes=0 tid=0x00000227d27d1000 nid=0x4788 waiting on condition  [0x0000000000000000]
   java.lang.Thread.State: RUNNABLE

   Locked ownable synchronizers:
        - None

"VM Thread" os_prio=2 cpu=0.00ms elapsed=41.51s tid=0x00000227f7fed000 nid=0x3da8 runnable

"GC Thread#0" os_prio=2 cpu=0.00ms elapsed=41.53s tid=0x00000227d27e7000 nid=0x3f00 runnable

"G1 Main Marker" os_prio=2 cpu=0.00ms elapsed=41.53s tid=0x00000227d2843800 nid=0x405c runnable

"G1 Conc#0" os_prio=2 cpu=0.00ms elapsed=41.53s tid=0x00000227d2844800 nid=0x4008 runnable

"G1 Refine#0" os_prio=2 cpu=0.00ms elapsed=41.53s tid=0x00000227d28be000 nid=0x1790 runnable

"G1 Young RemSet Sampling" os_prio=2 cpu=0.00ms elapsed=41.53s tid=0x00000227f7632800 nid=0x1f58 runnable
"VM Periodic Task Thread" os_prio=2 cpu=0.00ms elapsed=41.46s tid=0x00000227f81c5000 nid=0x190 waiting on condition

JNI global refs: 4, weak refs: 0


C:\Users\Mexn-\Desktop\thread\monitor>jstack -l -e 6860
2021-10-07 10:27:04
Full thread dump Java HotSpot(TM) 64-Bit Server VM (11.0.7+8-LTS mixed mode):

Threads class SMR info:
_java_thread_list=0x0000024f2d9952f0, length=12, elements={
0x0000024f2d7ad800, 0x0000024f2d7db000, 0x0000024f2d83b800, 0x0000024f2d83d000,
0x0000024f2d840000, 0x0000024f2d843800, 0x0000024f2d848000, 0x0000024f2d9b1800,
0x0000024f2d9d5000, 0x0000024f2d9e7000, 0x0000024f2d9e8000, 0x0000024f097d3000
}

"Reference Handler" #2 daemon prio=10 os_prio=2 cpu=0.00ms elapsed=14.45s allocated=0B defined_classes=0 tid=0x0000024f2d7ad800 nid=0x3630 waiting on condition  [0x000000e3520fe000]
   java.lang.Thread.State: RUNNABLE
        at java.lang.ref.Reference.waitForReferencePendingList(java.base@11.0.7/Native Method)
        at java.lang.ref.Reference.processPendingReferences(java.base@11.0.7/Reference.java:241)
        at java.lang.ref.Reference$ReferenceHandler.run(java.base@11.0.7/Reference.java:213)

   Locked ownable synchronizers:
        - None

"Finalizer" #3 daemon prio=8 os_prio=1 cpu=0.00ms elapsed=14.45s allocated=280B defined_classes=1 tid=0x0000024f2d7db000 nid=0x3bd0 in Object.wait()  [0x000000e3521ff000]
   java.lang.Thread.State: WAITING (on object monitor)
        at java.lang.Object.wait(java.base@11.0.7/Native Method)
        - waiting on <0x0000000712708fa8> (a java.lang.ref.ReferenceQueue$Lock)
        at java.lang.ref.ReferenceQueue.remove(java.base@11.0.7/ReferenceQueue.java:155)
        - waiting to re-lock in wait() <0x0000000712708fa8> (a java.lang.ref.ReferenceQueue$Lock)
        at java.lang.ref.ReferenceQueue.remove(java.base@11.0.7/ReferenceQueue.java:176)
        at java.lang.ref.Finalizer$FinalizerThread.run(java.base@11.0.7/Finalizer.java:170)

   Locked ownable synchronizers:
        - None

"Signal Dispatcher" #4 daemon prio=9 os_prio=2 cpu=0.00ms elapsed=14.43s allocated=0B defined_classes=0 tid=0x0000024f2d83b800 nid=0x2674 runnable  [0x0000000000000000]
   java.lang.Thread.State: RUNNABLE

   Locked ownable synchronizers:
        - None

"Attach Listener" #5 daemon prio=5 os_prio=2 cpu=0.00ms elapsed=14.43s allocated=0B defined_classes=0 tid=0x0000024f2d83d000 nid=0xa20 waiting on condition  [0x0000000000000000]
   java.lang.Thread.State: RUNNABLE

   Locked ownable synchronizers:
        - None

"C2 CompilerThread0" #6 daemon prio=9 os_prio=2 cpu=0.00ms elapsed=14.43s allocated=0B defined_classes=0 tid=0x0000024f2d840000 nid=0x198c waiting on condition  [0x0000000000000000]
   java.lang.Thread.State: RUNNABLE
   No compile task

   Locked ownable synchronizers:
        - None

"C1 CompilerThread0" #8 daemon prio=9 os_prio=2 cpu=46.88ms elapsed=14.43s allocated=528B defined_classes=0 tid=0x0000024f2d843800 nid=0x463c waiting on condition  [0x0000000000000000]
   java.lang.Thread.State: RUNNABLE
   No compile task

   Locked ownable synchronizers:
        - None

"Sweeper thread" #9 daemon prio=9 os_prio=2 cpu=0.00ms elapsed=14.43s allocated=0B defined_classes=0 tid=0x0000024f2d848000 nid=0x3838 runnable  [0x0000000000000000]
   java.lang.Thread.State: RUNNABLE

   Locked ownable synchronizers:
        - None

"Service Thread" #10 daemon prio=9 os_prio=0 cpu=0.00ms elapsed=14.40s allocated=0B defined_classes=0 tid=0x0000024f2d9b1800 nid=0xf0c runnable  [0x0000000000000000]
   java.lang.Thread.State: RUNNABLE

   Locked ownable synchronizers:
        - None

"Common-Cleaner" #11 daemon prio=8 os_prio=1 cpu=0.00ms elapsed=14.40s allocated=0B defined_classes=0 tid=0x0000024f2d9d5000 nid=0x165c in Object.wait()  [0x000000e3529fe000]
   java.lang.Thread.State: TIMED_WAITING (on object monitor)
        at java.lang.Object.wait(java.base@11.0.7/Native Method)
        - waiting on <0x0000000712610780> (a java.lang.ref.ReferenceQueue$Lock)
        at java.lang.ref.ReferenceQueue.remove(java.base@11.0.7/ReferenceQueue.java:155)
        - waiting to re-lock in wait() <0x0000000712610780> (a java.lang.ref.ReferenceQueue$Lock)
        at jdk.internal.ref.CleanerImpl.run(java.base@11.0.7/CleanerImpl.java:148)
        at java.lang.Thread.run(java.base@11.0.7/Thread.java:834)
        at jdk.internal.misc.InnocuousThread.run(java.base@11.0.7/InnocuousThread.java:134)

   Locked ownable synchronizers:
        - None

"T1" #12 prio=5 os_prio=0 cpu=15.63ms elapsed=14.38s allocated=315K defined_classes=51 tid=0x0000024f2d9e7000 nid=0x2ca8 waiting on condition  [0x000000e352afe000]
   java.lang.Thread.State: TIMED_WAITING (sleeping)
        at java.lang.Thread.sleep(java.base@11.0.7/Native Method)
        at java.lang.Thread.sleep(java.base@11.0.7/Thread.java:339)
        at java.util.concurrent.TimeUnit.sleep(java.base@11.0.7/TimeUnit.java:446)
        at ClassMonitor.method1(ClassMonitor.java:10)
        - locked <0x0000000712613558> (a java.lang.Class for ClassMonitor)
        at ClassMonitor$$Lambda$1/0x0000000800060840.run(Unknown Source)
        at java.lang.Thread.run(java.base@11.0.7/Thread.java:834)

   Locked ownable synchronizers:
        - None

"T1" #13 prio=5 os_prio=0 cpu=0.00ms elapsed=14.38s allocated=0B defined_classes=0 tid=0x0000024f2d9e8000 nid=0x4628 waiting for monitor entry  [0x000000e352bfe000]
   java.lang.Thread.State: BLOCKED (on object monitor)
        at ClassMonitor.method2(ClassMonitor.java:16)
        - waiting to lock <0x0000000712613558> (a java.lang.Class for ClassMonitor)
        at ClassMonitor$$Lambda$2/0x0000000800061040.run(Unknown Source)
        at java.lang.Thread.run(java.base@11.0.7/Thread.java:834)

   Locked ownable synchronizers:
        - None

"DestroyJavaVM" #14 prio=5 os_prio=0 cpu=109.38ms elapsed=14.38s allocated=488B defined_classes=0 tid=0x0000024f097d3000 nid=0x4594 waiting on condition  [0x0000000000000000]
   java.lang.Thread.State: RUNNABLE

   Locked ownable synchronizers:
        - None

"VM Thread" os_prio=2 cpu=0.00ms elapsed=14.45s tid=0x0000024f2d7ab000 nid=0x199c runnable

"GC Thread#0" os_prio=2 cpu=0.00ms elapsed=14.48s tid=0x0000024f097ea800 nid=0x108 runnable

"G1 Main Marker" os_prio=2 cpu=0.00ms elapsed=14.48s tid=0x0000024f09846800 nid=0x3a80 runnable

"G1 Conc#0" os_prio=2 cpu=0.00ms elapsed=14.48s tid=0x0000024f09847800 nid=0x3938 runnable

"G1 Refine#0" os_prio=2 cpu=0.00ms elapsed=14.46s tid=0x0000024f098be800 nid=0x6ec runnable

"G1 Young RemSet Sampling" os_prio=2 cpu=0.00ms elapsed=14.46s tid=0x0000024f2ce15800 nid=0xc40 runnable
"VM Periodic Task Thread" os_prio=2 cpu=0.00ms elapsed=14.40s tid=0x0000024f2d9cb000 nid=0x4394 waiting on condition

JNI global refs: 4, weak refs: 0

